{"t":{"$date":"2022-02-26T14:41:05.295-08:00"},"s":"I",  "c":"CONTROL",  "id":23285,   "ctx":"-","msg":"Automatically disabling TLS 1.0, to force-enable TLS 1.0 specify --sslDisabledProtocols 'none'"}
{"t":{"$date":"2022-02-26T14:41:05.296-08:00"},"s":"I",  "c":"NETWORK",  "id":4915701, "ctx":"main","msg":"Initialized wire specification","attr":{"spec":{"incomingExternalClient":{"minWireVersion":0,"maxWireVersion":13},"incomingInternalClient":{"minWireVersion":0,"maxWireVersion":13},"outgoing":{"minWireVersion":0,"maxWireVersion":13},"isInternalClient":true}}}
{"t":{"$date":"2022-02-26T14:41:05.298-08:00"},"s":"W",  "c":"ASIO",     "id":22601,   "ctx":"main","msg":"No TransportLayer configured during NetworkInterface startup"}
{"t":{"$date":"2022-02-26T14:41:05.299-08:00"},"s":"I",  "c":"NETWORK",  "id":4648602, "ctx":"main","msg":"Implicit TCP FastOpen in use."}
{"t":{"$date":"2022-02-26T14:41:05.300-08:00"},"s":"W",  "c":"ASIO",     "id":22601,   "ctx":"main","msg":"No TransportLayer configured during NetworkInterface startup"}
{"t":{"$date":"2022-02-26T14:41:05.300-08:00"},"s":"I",  "c":"REPL",     "id":5123008, "ctx":"main","msg":"Successfully registered PrimaryOnlyService","attr":{"service":"TenantMigrationDonorService","ns":"config.tenantMigrationDonors"}}
{"t":{"$date":"2022-02-26T14:41:05.300-08:00"},"s":"I",  "c":"REPL",     "id":5123008, "ctx":"main","msg":"Successfully registered PrimaryOnlyService","attr":{"service":"TenantMigrationRecipientService","ns":"config.tenantMigrationRecipients"}}
{"t":{"$date":"2022-02-26T14:41:05.300-08:00"},"s":"I",  "c":"CONTROL",  "id":5945603, "ctx":"main","msg":"Multi threading initialized"}
{"t":{"$date":"2022-02-26T14:41:05.300-08:00"},"s":"I",  "c":"CONTROL",  "id":4615611, "ctx":"initandlisten","msg":"MongoDB starting","attr":{"pid":19525,"port":27017,"dbPath":"/Users/jeffripke/Library/Mobile Documents/com~apple~CloudDocs/web-development/training/Acadimind-courses/100-days-of-code-the-complete-web-development-bootcamp-2022/code/0023/mongodb/data","architecture":"64-bit","host":"Jeffs-Mac-mini.routerlogin.net"}}
{"t":{"$date":"2022-02-26T14:41:05.300-08:00"},"s":"I",  "c":"CONTROL",  "id":23403,   "ctx":"initandlisten","msg":"Build Info","attr":{"buildInfo":{"version":"5.0.5","gitVersion":"d65fd89df3fc039b5c55933c0f71d647a54510ae","modules":[],"allocator":"system","environment":{"distarch":"x86_64","target_arch":"x86_64"}}}}
{"t":{"$date":"2022-02-26T14:41:05.300-08:00"},"s":"I",  "c":"CONTROL",  "id":51765,   "ctx":"initandlisten","msg":"Operating System","attr":{"os":{"name":"Mac OS X","version":"21.3.0"}}}
{"t":{"$date":"2022-02-26T14:41:05.300-08:00"},"s":"I",  "c":"CONTROL",  "id":21951,   "ctx":"initandlisten","msg":"Options set by command line","attr":{"options":{"storage":{"dbPath":"/Users/jeffripke/Library/Mobile Documents/com~apple~CloudDocs/web-development/training/Acadimind-courses/100-days-of-code-the-complete-web-development-bootcamp-2022/code/0023/mongodb/data"},"systemLog":{"destination":"file","path":"/Users/jeffripke/Library/Mobile Documents/com~apple~CloudDocs/web-development/training/Acadimind-courses/100-days-of-code-the-complete-web-development-bootcamp-2022/code/0023/mongodb/logs/mongo.log"}}}}
{"t":{"$date":"2022-02-26T14:41:05.302-08:00"},"s":"I",  "c":"STORAGE",  "id":22315,   "ctx":"initandlisten","msg":"Opening WiredTiger","attr":{"config":"create,cache_size=7680M,session_max=33000,eviction=(threads_min=4,threads_max=4),config_base=false,statistics=(fast),log=(enabled=true,archive=true,path=journal,compressor=snappy),builtin_extension_config=(zstd=(compression_level=6)),file_manager=(close_idle_time=600,close_scan_interval=10,close_handle_minimum=250),statistics_log=(wait=0),verbose=[recovery_progress,checkpoint_progress,compact_progress],"}}
{"t":{"$date":"2022-02-26T14:41:05.521-08:00"},"s":"I",  "c":"STORAGE",  "id":22430,   "ctx":"initandlisten","msg":"WiredTiger message","attr":{"message":"[1645915265:521029][19525:0x206051600], txn-recover: [WT_VERB_RECOVERY_ALL] Set global recovery timestamp: (0, 0)"}}
{"t":{"$date":"2022-02-26T14:41:05.521-08:00"},"s":"I",  "c":"STORAGE",  "id":22430,   "ctx":"initandlisten","msg":"WiredTiger message","attr":{"message":"[1645915265:521124][19525:0x206051600], txn-recover: [WT_VERB_RECOVERY_ALL] Set global oldest timestamp: (0, 0)"}}
{"t":{"$date":"2022-02-26T14:41:05.601-08:00"},"s":"I",  "c":"STORAGE",  "id":4795906, "ctx":"initandlisten","msg":"WiredTiger opened","attr":{"durationMillis":299}}
{"t":{"$date":"2022-02-26T14:41:05.619-08:00"},"s":"I",  "c":"RECOVERY", "id":23987,   "ctx":"initandlisten","msg":"WiredTiger recoveryTimestamp","attr":{"recoveryTimestamp":{"$timestamp":{"t":0,"i":0}}}}
{"t":{"$date":"2022-02-26T14:41:05.759-08:00"},"s":"I",  "c":"STORAGE",  "id":4366408, "ctx":"initandlisten","msg":"No table logging settings modifications are required for existing WiredTiger tables","attr":{"loggingEnabled":true}}
{"t":{"$date":"2022-02-26T14:41:05.760-08:00"},"s":"I",  "c":"STORAGE",  "id":22262,   "ctx":"initandlisten","msg":"Timestamp monitor starting"}
{"t":{"$date":"2022-02-26T14:41:05.762-08:00"},"s":"W",  "c":"CONTROL",  "id":22120,   "ctx":"initandlisten","msg":"Access control is not enabled for the database. Read and write access to data and configuration is unrestricted","tags":["startupWarnings"]}
{"t":{"$date":"2022-02-26T14:41:05.762-08:00"},"s":"W",  "c":"CONTROL",  "id":22140,   "ctx":"initandlisten","msg":"This server is bound to localhost. Remote systems will be unable to connect to this server. Start the server with --bind_ip <address> to specify which IP addresses it should serve responses from, or with --bind_ip_all to bind to all interfaces. If this behavior is desired, start the server with --bind_ip 127.0.0.1 to disable this warning","tags":["startupWarnings"]}
{"t":{"$date":"2022-02-26T14:41:05.762-08:00"},"s":"W",  "c":"CONTROL",  "id":22184,   "ctx":"initandlisten","msg":"Soft rlimits for open file descriptors too low","attr":{"currentValue":10496,"recommendedMinimum":64000},"tags":["startupWarnings"]}
{"t":{"$date":"2022-02-26T14:41:05.767-08:00"},"s":"I",  "c":"STORAGE",  "id":20320,   "ctx":"initandlisten","msg":"createCollection","attr":{"namespace":"admin.system.version","uuidDisposition":"provided","uuid":{"uuid":{"$uuid":"33879c61-30e3-4557-842c-3ef7f16e1e07"}},"options":{"uuid":{"$uuid":"33879c61-30e3-4557-842c-3ef7f16e1e07"}}}}
{"t":{"$date":"2022-02-26T14:41:05.867-08:00"},"s":"I",  "c":"INDEX",    "id":20345,   "ctx":"initandlisten","msg":"Index build: done building","attr":{"buildUUID":null,"namespace":"admin.system.version","index":"_id_","commitTimestamp":null}}
{"t":{"$date":"2022-02-26T14:41:05.867-08:00"},"s":"I",  "c":"REPL",     "id":20459,   "ctx":"initandlisten","msg":"Setting featureCompatibilityVersion","attr":{"newVersion":"5.0"}}
{"t":{"$date":"2022-02-26T14:41:05.867-08:00"},"s":"I",  "c":"NETWORK",  "id":4915702, "ctx":"initandlisten","msg":"Updated wire specification","attr":{"oldSpec":{"incomingExternalClient":{"minWireVersion":0,"maxWireVersion":13},"incomingInternalClient":{"minWireVersion":0,"maxWireVersion":13},"outgoing":{"minWireVersion":0,"maxWireVersion":13},"isInternalClient":true},"newSpec":{"incomingExternalClient":{"minWireVersion":0,"maxWireVersion":13},"incomingInternalClient":{"minWireVersion":13,"maxWireVersion":13},"outgoing":{"minWireVersion":13,"maxWireVersion":13},"isInternalClient":true}}}
{"t":{"$date":"2022-02-26T14:41:05.868-08:00"},"s":"I",  "c":"NETWORK",  "id":4915702, "ctx":"initandlisten","msg":"Updated wire specification","attr":{"oldSpec":{"incomingExternalClient":{"minWireVersion":0,"maxWireVersion":13},"incomingInternalClient":{"minWireVersion":13,"maxWireVersion":13},"outgoing":{"minWireVersion":13,"maxWireVersion":13},"isInternalClient":true},"newSpec":{"incomingExternalClient":{"minWireVersion":0,"maxWireVersion":13},"incomingInternalClient":{"minWireVersion":13,"maxWireVersion":13},"outgoing":{"minWireVersion":13,"maxWireVersion":13},"isInternalClient":true}}}
{"t":{"$date":"2022-02-26T14:41:05.868-08:00"},"s":"I",  "c":"STORAGE",  "id":5071100, "ctx":"initandlisten","msg":"Clearing temp directory"}
{"t":{"$date":"2022-02-26T14:41:05.868-08:00"},"s":"I",  "c":"CONTROL",  "id":20536,   "ctx":"initandlisten","msg":"Flow Control is enabled on this deployment"}
{"t":{"$date":"2022-02-26T14:41:05.869-08:00"},"s":"I",  "c":"FTDC",     "id":20625,   "ctx":"initandlisten","msg":"Initializing full-time diagnostic data capture","attr":{"dataDirectory":"/Users/jeffripke/Library/Mobile Documents/com~apple~CloudDocs/web-development/training/Acadimind-courses/100-days-of-code-the-complete-web-development-bootcamp-2022/code/0023/mongodb/data/diagnostic.data"}}
{"t":{"$date":"2022-02-26T14:41:05.869-08:00"},"s":"I",  "c":"STORAGE",  "id":20320,   "ctx":"initandlisten","msg":"createCollection","attr":{"namespace":"local.startup_log","uuidDisposition":"generated","uuid":{"uuid":{"$uuid":"87ae3609-20e2-4e55-96fc-3d971a3d47eb"}},"options":{"capped":true,"size":10485760}}}
{"t":{"$date":"2022-02-26T14:41:06.002-08:00"},"s":"I",  "c":"INDEX",    "id":20345,   "ctx":"initandlisten","msg":"Index build: done building","attr":{"buildUUID":null,"namespace":"local.startup_log","index":"_id_","commitTimestamp":null}}
{"t":{"$date":"2022-02-26T14:41:06.003-08:00"},"s":"I",  "c":"REPL",     "id":6015317, "ctx":"initandlisten","msg":"Setting new configuration state","attr":{"newState":"ConfigReplicationDisabled","oldState":"ConfigPreStart"}}
{"t":{"$date":"2022-02-26T14:41:06.005-08:00"},"s":"I",  "c":"NETWORK",  "id":23015,   "ctx":"listener","msg":"Listening on","attr":{"address":"/tmp/mongodb-27017.sock"}}
{"t":{"$date":"2022-02-26T14:41:06.005-08:00"},"s":"I",  "c":"NETWORK",  "id":23015,   "ctx":"listener","msg":"Listening on","attr":{"address":"127.0.0.1"}}
{"t":{"$date":"2022-02-26T14:41:06.005-08:00"},"s":"I",  "c":"NETWORK",  "id":23016,   "ctx":"listener","msg":"Waiting for connections","attr":{"port":27017,"ssl":"off"}}
{"t":{"$date":"2022-02-26T14:41:06.023-08:00"},"s":"I",  "c":"CONTROL",  "id":20712,   "ctx":"LogicalSessionCacheReap","msg":"Sessions collection is not set up; waiting until next sessions reap interval","attr":{"error":"NamespaceNotFound: config.system.sessions does not exist"}}
{"t":{"$date":"2022-02-26T14:41:06.024-08:00"},"s":"I",  "c":"STORAGE",  "id":20320,   "ctx":"LogicalSessionCacheRefresh","msg":"createCollection","attr":{"namespace":"config.system.sessions","uuidDisposition":"generated","uuid":{"uuid":{"$uuid":"d9e37faf-9837-4437-8fd2-55911980ea19"}},"options":{}}}
{"t":{"$date":"2022-02-26T14:41:06.226-08:00"},"s":"I",  "c":"INDEX",    "id":20345,   "ctx":"LogicalSessionCacheRefresh","msg":"Index build: done building","attr":{"buildUUID":null,"namespace":"config.system.sessions","index":"_id_","commitTimestamp":null}}
{"t":{"$date":"2022-02-26T14:41:06.226-08:00"},"s":"I",  "c":"INDEX",    "id":20345,   "ctx":"LogicalSessionCacheRefresh","msg":"Index build: done building","attr":{"buildUUID":null,"namespace":"config.system.sessions","index":"lsidTTLIndex","commitTimestamp":null}}
{"t":{"$date":"2022-02-26T14:41:06.226-08:00"},"s":"I",  "c":"COMMAND",  "id":51803,   "ctx":"LogicalSessionCacheRefresh","msg":"Slow query","attr":{"type":"command","ns":"config.system.sessions","command":{"createIndexes":"system.sessions","v":2,"indexes":[{"key":{"lastUse":1},"name":"lsidTTLIndex","expireAfterSeconds":1800}],"ignoreUnknownIndexOptions":false,"writeConcern":{},"$db":"config"},"numYields":0,"reslen":114,"locks":{"ParallelBatchWriterMode":{"acquireCount":{"r":4}},"ReplicationStateTransition":{"acquireCount":{"w":4}},"Global":{"acquireCount":{"r":4,"w":1}},"Database":{"acquireCount":{"r":3,"w":1}},"Collection":{"acquireCount":{"r":3,"w":1}},"Mutex":{"acquireCount":{"r":6}}},"storage":{},"protocol":"op_msg","durationMillis":202}}
{"t":{"$date":"2022-02-26T14:41:22.651-08:00"},"s":"I",  "c":"NETWORK",  "id":22943,   "ctx":"listener","msg":"Connection accepted","attr":{"remote":"127.0.0.1:64668","uuid":"005e3568-1203-4c47-b17b-b2d4251538bc","connectionId":1,"connectionCount":1}}
{"t":{"$date":"2022-02-26T14:41:22.651-08:00"},"s":"I",  "c":"NETWORK",  "id":51800,   "ctx":"conn1","msg":"client metadata","attr":{"remote":"127.0.0.1:64668","client":"conn1","doc":{"application":{"name":"MongoDB Shell"},"driver":{"name":"MongoDB Internal Client","version":"5.0.5"},"os":{"type":"Darwin","name":"Mac OS X","architecture":"x86_64","version":"21.3.0"}}}}
{"t":{"$date":"2022-02-26T14:41:27.503-08:00"},"s":"I",  "c":"NETWORK",  "id":22943,   "ctx":"listener","msg":"Connection accepted","attr":{"remote":"127.0.0.1:64686","uuid":"73fc00f0-ce0b-4b70-9d15-f67b674a4324","connectionId":2,"connectionCount":2}}
{"t":{"$date":"2022-02-26T14:41:27.506-08:00"},"s":"I",  "c":"NETWORK",  "id":51800,   "ctx":"conn2","msg":"client metadata","attr":{"remote":"127.0.0.1:64686","client":"conn2","doc":{"driver":{"name":"nodejs","version":"4.4.0"},"os":{"type":"Darwin","name":"darwin","architecture":"arm64","version":"21.3.0"},"platform":"Node.js v16.13.1, LE (unified)|Node.js v16.13.1, LE (unified)"}}}
{"t":{"$date":"2022-02-26T14:41:30.083-08:00"},"s":"I",  "c":"NETWORK",  "id":22943,   "ctx":"listener","msg":"Connection accepted","attr":{"remote":"127.0.0.1:64704","uuid":"cf5c4000-2212-4872-8a71-281b180ac486","connectionId":3,"connectionCount":3}}
{"t":{"$date":"2022-02-26T14:41:30.083-08:00"},"s":"I",  "c":"NETWORK",  "id":51800,   "ctx":"conn3","msg":"client metadata","attr":{"remote":"127.0.0.1:64704","client":"conn3","doc":{"driver":{"name":"nodejs","version":"4.4.0"},"os":{"type":"Darwin","name":"darwin","architecture":"arm64","version":"21.3.0"},"platform":"Node.js v16.13.1, LE (unified)|Node.js v16.13.1, LE (unified)"}}}
{"t":{"$date":"2022-02-26T14:41:38.016-08:00"},"s":"I",  "c":"NETWORK",  "id":22943,   "ctx":"listener","msg":"Connection accepted","attr":{"remote":"127.0.0.1:64766","uuid":"4efe0caf-ccc6-4cde-93b8-41f60576165f","connectionId":4,"connectionCount":4}}
{"t":{"$date":"2022-02-26T14:41:38.017-08:00"},"s":"I",  "c":"NETWORK",  "id":51800,   "ctx":"conn4","msg":"client metadata","attr":{"remote":"127.0.0.1:64766","client":"conn4","doc":{"driver":{"name":"nodejs","version":"4.4.0"},"os":{"type":"Darwin","name":"darwin","architecture":"arm64","version":"21.3.0"},"platform":"Node.js v16.13.1, LE (unified)|Node.js v16.13.1, LE (unified)"}}}
{"t":{"$date":"2022-02-26T14:42:05.765-08:00"},"s":"I",  "c":"STORAGE",  "id":22430,   "ctx":"Checkpointer","msg":"WiredTiger message","attr":{"message":"[1645915325:765657][19525:0x30b4ad000], WT_SESSION.checkpoint: [WT_VERB_CHECKPOINT_PROGRESS] saving checkpoint snapshot min: 34, snapshot max: 34 snapshot count: 0, oldest timestamp: (0, 0) , meta checkpoint timestamp: (0, 0) base write gen: 1"}}
{"t":{"$date":"2022-02-26T14:42:49.909-08:00"},"s":"I",  "c":"STORAGE",  "id":20320,   "ctx":"conn1","msg":"createCollection","attr":{"namespace":"blog.authors","uuidDisposition":"generated","uuid":{"uuid":{"$uuid":"fb68d181-2bbe-4360-b33a-ca77b72c55ca"}},"options":{}}}
{"t":{"$date":"2022-02-26T14:42:49.996-08:00"},"s":"I",  "c":"INDEX",    "id":20345,   "ctx":"conn1","msg":"Index build: done building","attr":{"buildUUID":null,"namespace":"blog.authors","index":"_id_","commitTimestamp":null}}
{"t":{"$date":"2022-02-26T14:43:06.059-08:00"},"s":"I",  "c":"STORAGE",  "id":22430,   "ctx":"Checkpointer","msg":"WiredTiger message","attr":{"message":"[1645915386:59094][19525:0x30b4ad000], WT_SESSION.checkpoint: [WT_VERB_CHECKPOINT_PROGRESS] saving checkpoint snapshot min: 47, snapshot max: 47 snapshot count: 0, oldest timestamp: (0, 0) , meta checkpoint timestamp: (0, 0) base write gen: 1"}}
{"t":{"$date":"2022-02-26T14:43:21.906-08:00"},"s":"I",  "c":"STORAGE",  "id":20320,   "ctx":"conn3","msg":"createCollection","attr":{"namespace":"blog.posts","uuidDisposition":"generated","uuid":{"uuid":{"$uuid":"7867c94d-2886-432b-b004-56422066dcd7"}},"options":{}}}
{"t":{"$date":"2022-02-26T14:43:21.991-08:00"},"s":"I",  "c":"INDEX",    "id":20345,   "ctx":"conn3","msg":"Index build: done building","attr":{"buildUUID":null,"namespace":"blog.posts","index":"_id_","commitTimestamp":null}}
